c:\users\ash68\source\repos\dsa\03-search_reversingandconcatinate_list\x64\debug\vc143.pdb
c:\users\ash68\source\repos\dsa\03-search_reversingandconcatinate_list\x64\debug\vc143.idb
c:\users\ash68\source\repos\dsa\03-search_reversingandconcatinate_list\x64\debug\reversingthelinks.obj
c:\users\ash68\source\repos\dsa\03-search_reversingandconcatinate_list\x64\debug\reversinglinkedlistusingreverserelementsmethod.obj
c:\users\ash68\source\repos\dsa\03-search_reversingandconcatinate_list\x64\debug\main.obj
c:\users\ash68\source\repos\dsa\03-search_reversingandconcatinate_list\x64\debug\createanddisplay.obj
c:\users\ash68\source\repos\dsa\03-search_reversingandconcatinate_list\x64\debug\concatinatingtwolinkedlist.obj
c:\users\ash68\source\repos\dsa\x64\debug\03-search_reversingandconcatinate_list.exe
c:\users\ash68\source\repos\dsa\x64\debug\03-search_reversingandconcatinate_list.pdb
c:\users\ash68\source\repos\dsa\03-search_reversingandconcatinate_list\x64\debug\03-search_reversingandconcatinate_list.ilk
c:\users\ash68\source\repos\development-dsa\03-search_reversingandconcatinate_list\x64\debug\concatinatingtwolinkedlist.obj
c:\users\ash68\source\repos\development-dsa\03-search_reversingandconcatinate_list\x64\debug\createanddisplay.obj
c:\users\ash68\source\repos\development-dsa\03-search_reversingandconcatinate_list\x64\debug\main.obj
c:\users\ash68\source\repos\development-dsa\03-search_reversingandconcatinate_list\x64\debug\reversinglinkedlistusingreverserelementsmethod.obj
c:\users\ash68\source\repos\development-dsa\03-search_reversingandconcatinate_list\x64\debug\reversingthelinks.obj
c:\users\ash68\source\repos\development-dsa\03-search_reversingandconcatinate_list\x64\debug\03-search_reversingandconcatinate_list.ilk
c:\users\ash68\source\repos\development-dsa\03-search_reversingandconcatinate_list\x64\debug\vc143.idb
c:\users\ash68\source\repos\development-dsa\03-search_reversingandconcatinate_list\x64\debug\vc143.pdb
c:\users\ash68\source\repos\development-dsa\x64\debug\03-search_reversingandconcatinate_list.pdb
c:\users\ash68\source\repos\development-dsa\x64\debug\03-search_reversingandconcatinate_list.exe
c:\users\ash68\source\repos\development-dsa\03-search_reversingandconcatinate_list\x64\debug\03-searc.70c28798.tlog\cl.command.1.tlog
c:\users\ash68\source\repos\development-dsa\03-search_reversingandconcatinate_list\x64\debug\03-searc.70c28798.tlog\cl.items.tlog
c:\users\ash68\source\repos\development-dsa\03-search_reversingandconcatinate_list\x64\debug\03-searc.70c28798.tlog\cl.read.1.tlog
c:\users\ash68\source\repos\development-dsa\03-search_reversingandconcatinate_list\x64\debug\03-searc.70c28798.tlog\cl.write.1.tlog
c:\users\ash68\source\repos\development-dsa\03-search_reversingandconcatinate_list\x64\debug\03-searc.70c28798.tlog\link.command.1.tlog
c:\users\ash68\source\repos\development-dsa\03-search_reversingandconcatinate_list\x64\debug\03-searc.70c28798.tlog\link.read.1.tlog
c:\users\ash68\source\repos\development-dsa\03-search_reversingandconcatinate_list\x64\debug\03-searc.70c28798.tlog\link.secondary.1.tlog
c:\users\ash68\source\repos\development-dsa\03-search_reversingandconcatinate_list\x64\debug\03-searc.70c28798.tlog\link.write.1.tlog
