c:\users\ash68\source\repos\dsa\01-create_insert_count_linkedlist\x64\debug\vc143.pdb
c:\users\ash68\source\repos\dsa\01-create_insert_count_linkedlist\x64\debug\vc143.idb
c:\users\ash68\source\repos\dsa\01-create_insert_count_linkedlist\x64\debug\main.obj
c:\users\ash68\source\repos\dsa\01-create_insert_count_linkedlist\x64\debug\insertnode.obj
c:\users\ash68\source\repos\dsa\01-create_insert_count_linkedlist\x64\debug\createnode.obj
c:\users\ash68\source\repos\dsa\01-create_insert_count_linkedlist\x64\debug\countingnodes.obj
c:\users\ash68\source\repos\dsa\x64\debug\01-create_insert_count_linkedlist.exe
c:\users\ash68\source\repos\dsa\x64\debug\01-create_insert_count_linkedlist.pdb
c:\users\ash68\source\repos\dsa\01-create_insert_count_linkedlist\x64\debug\01-create_insert_count_linkedlist.ilk
c:\users\ash68\source\repos\development-dsa\01-create_insert_count_linkedlist\x64\debug\countingnodes.obj
c:\users\ash68\source\repos\development-dsa\01-create_insert_count_linkedlist\x64\debug\createnode.obj
c:\users\ash68\source\repos\development-dsa\01-create_insert_count_linkedlist\x64\debug\insertnode.obj
c:\users\ash68\source\repos\development-dsa\01-create_insert_count_linkedlist\x64\debug\main.obj
c:\users\ash68\source\repos\development-dsa\01-create_insert_count_linkedlist\x64\debug\01-create_insert_count_linkedlist.ilk
c:\users\ash68\source\repos\development-dsa\01-create_insert_count_linkedlist\x64\debug\vc143.idb
c:\users\ash68\source\repos\development-dsa\01-create_insert_count_linkedlist\x64\debug\vc143.pdb
c:\users\ash68\source\repos\development-dsa\x64\debug\01-create_insert_count_linkedlist.pdb
c:\users\ash68\source\repos\development-dsa\x64\debug\01-create_insert_count_linkedlist.exe
c:\users\ash68\source\repos\development-dsa\01-create_insert_count_linkedlist\x64\debug\01-creat.76be5eda.tlog\cl.command.1.tlog
c:\users\ash68\source\repos\development-dsa\01-create_insert_count_linkedlist\x64\debug\01-creat.76be5eda.tlog\cl.items.tlog
c:\users\ash68\source\repos\development-dsa\01-create_insert_count_linkedlist\x64\debug\01-creat.76be5eda.tlog\cl.read.1.tlog
c:\users\ash68\source\repos\development-dsa\01-create_insert_count_linkedlist\x64\debug\01-creat.76be5eda.tlog\cl.write.1.tlog
c:\users\ash68\source\repos\development-dsa\01-create_insert_count_linkedlist\x64\debug\01-creat.76be5eda.tlog\link.command.1.tlog
c:\users\ash68\source\repos\development-dsa\01-create_insert_count_linkedlist\x64\debug\01-creat.76be5eda.tlog\link.read.1.tlog
c:\users\ash68\source\repos\development-dsa\01-create_insert_count_linkedlist\x64\debug\01-creat.76be5eda.tlog\link.secondary.1.tlog
c:\users\ash68\source\repos\development-dsa\01-create_insert_count_linkedlist\x64\debug\01-creat.76be5eda.tlog\link.write.1.tlog
