c:\users\ash68\source\repos\dsa\11-trees\x64\debug\vc143.pdb
c:\users\ash68\source\repos\dsa\11-trees\x64\debug\vc143.idb
c:\users\ash68\source\repos\dsa\11-trees\x64\debug\tree.obj
c:\users\ash68\source\repos\dsa\11-trees\x64\debug\main.obj
c:\users\ash68\source\repos\dsa\x64\debug\11-trees.exe
c:\users\ash68\source\repos\dsa\x64\debug\11-trees.pdb
c:\users\ash68\source\repos\dsa\11-trees\x64\debug\11-trees.ilk
c:\users\ash68\source\repos\development-dsa\11-trees\x64\debug\main.obj
c:\users\ash68\source\repos\development-dsa\11-trees\x64\debug\tree.obj
c:\users\ash68\source\repos\development-dsa\11-trees\x64\debug\11-trees.ilk
c:\users\ash68\source\repos\development-dsa\11-trees\x64\debug\vc143.idb
c:\users\ash68\source\repos\development-dsa\11-trees\x64\debug\vc143.pdb
c:\users\ash68\source\repos\development-dsa\x64\debug\11-trees.pdb
c:\users\ash68\source\repos\development-dsa\x64\debug\11-trees.exe
c:\users\ash68\source\repos\development-dsa\11-trees\x64\debug\11-trees.tlog\cl.command.1.tlog
c:\users\ash68\source\repos\development-dsa\11-trees\x64\debug\11-trees.tlog\cl.items.tlog
c:\users\ash68\source\repos\development-dsa\11-trees\x64\debug\11-trees.tlog\cl.read.1.tlog
c:\users\ash68\source\repos\development-dsa\11-trees\x64\debug\11-trees.tlog\cl.write.1.tlog
c:\users\ash68\source\repos\development-dsa\11-trees\x64\debug\11-trees.tlog\link.command.1.tlog
c:\users\ash68\source\repos\development-dsa\11-trees\x64\debug\11-trees.tlog\link.read.1.tlog
c:\users\ash68\source\repos\development-dsa\11-trees\x64\debug\11-trees.tlog\link.secondary.1.tlog
c:\users\ash68\source\repos\development-dsa\11-trees\x64\debug\11-trees.tlog\link.write.1.tlog
