c:\users\ash68\source\repos\dsa\10-queue\x64\debug\vc143.pdb
c:\users\ash68\source\repos\dsa\10-queue\x64\debug\vc143.idb
c:\users\ash68\source\repos\dsa\10-queue\x64\debug\queueusinglinkiedlist.obj
c:\users\ash68\source\repos\dsa\10-queue\x64\debug\queue.obj
c:\users\ash68\source\repos\dsa\10-queue\x64\debug\main.obj
c:\users\ash68\source\repos\dsa\x64\debug\10-queue.exe
c:\users\ash68\source\repos\dsa\x64\debug\10-queue.pdb
c:\users\ash68\source\repos\dsa\10-queue\x64\debug\10-queue.ilk
c:\users\ash68\source\repos\development-dsa\10-queue\x64\debug\main.obj
c:\users\ash68\source\repos\development-dsa\10-queue\x64\debug\queue.obj
c:\users\ash68\source\repos\development-dsa\10-queue\x64\debug\queueusinglinkiedlist.obj
c:\users\ash68\source\repos\development-dsa\10-queue\x64\debug\10-queue.ilk
c:\users\ash68\source\repos\development-dsa\10-queue\x64\debug\vc143.idb
c:\users\ash68\source\repos\development-dsa\10-queue\x64\debug\vc143.pdb
c:\users\ash68\source\repos\development-dsa\x64\debug\10-queue.pdb
c:\users\ash68\source\repos\development-dsa\x64\debug\10-queue.exe
c:\users\ash68\source\repos\development-dsa\10-queue\x64\debug\10-queue.tlog\cl.command.1.tlog
c:\users\ash68\source\repos\development-dsa\10-queue\x64\debug\10-queue.tlog\cl.items.tlog
c:\users\ash68\source\repos\development-dsa\10-queue\x64\debug\10-queue.tlog\cl.read.1.tlog
c:\users\ash68\source\repos\development-dsa\10-queue\x64\debug\10-queue.tlog\cl.write.1.tlog
c:\users\ash68\source\repos\development-dsa\10-queue\x64\debug\10-queue.tlog\link.command.1.tlog
c:\users\ash68\source\repos\development-dsa\10-queue\x64\debug\10-queue.tlog\link.read.1.tlog
c:\users\ash68\source\repos\development-dsa\10-queue\x64\debug\10-queue.tlog\link.secondary.1.tlog
c:\users\ash68\source\repos\development-dsa\10-queue\x64\debug\10-queue.tlog\link.write.1.tlog
