c:\users\ash68\source\repos\dsa\12-avl trees\x64\debug\vc143.pdb
c:\users\ash68\source\repos\dsa\12-avl trees\x64\debug\vc143.idb
c:\users\ash68\source\repos\dsa\12-avl trees\x64\debug\main.obj
c:\users\ash68\source\repos\dsa\12-avl trees\x64\debug\avl.obj
c:\users\ash68\source\repos\dsa\x64\debug\12-avl trees.exe
c:\users\ash68\source\repos\dsa\x64\debug\12-avl trees.pdb
c:\users\ash68\source\repos\dsa\12-avl trees\x64\debug\12-avl trees.ilk
c:\users\ash68\source\repos\development-dsa\12-avl trees\x64\debug\avl.obj
c:\users\ash68\source\repos\development-dsa\12-avl trees\x64\debug\main.obj
c:\users\ash68\source\repos\development-dsa\12-avl trees\x64\debug\12-avl trees.ilk
c:\users\ash68\source\repos\development-dsa\12-avl trees\x64\debug\vc143.idb
c:\users\ash68\source\repos\development-dsa\12-avl trees\x64\debug\vc143.pdb
c:\users\ash68\source\repos\development-dsa\x64\debug\12-avl trees.pdb
c:\users\ash68\source\repos\development-dsa\x64\debug\12-avl trees.exe
c:\users\ash68\source\repos\development-dsa\12-avl trees\x64\debug\12-avl trees.tlog\cl.command.1.tlog
c:\users\ash68\source\repos\development-dsa\12-avl trees\x64\debug\12-avl trees.tlog\cl.items.tlog
c:\users\ash68\source\repos\development-dsa\12-avl trees\x64\debug\12-avl trees.tlog\cl.read.1.tlog
c:\users\ash68\source\repos\development-dsa\12-avl trees\x64\debug\12-avl trees.tlog\cl.write.1.tlog
c:\users\ash68\source\repos\development-dsa\12-avl trees\x64\debug\12-avl trees.tlog\link.command.1.tlog
c:\users\ash68\source\repos\development-dsa\12-avl trees\x64\debug\12-avl trees.tlog\link.read.1.tlog
c:\users\ash68\source\repos\development-dsa\12-avl trees\x64\debug\12-avl trees.tlog\link.secondary.1.tlog
c:\users\ash68\source\repos\development-dsa\12-avl trees\x64\debug\12-avl trees.tlog\link.write.1.tlog
