c:\users\ash68\source\repos\dsa\15-sorting techniques-merge,count,binorbucket,redix sort\x64\debug\vc143.pdb
c:\users\ash68\source\repos\dsa\15-sorting techniques-merge,count,binorbucket,redix sort\x64\debug\vc143.idb
c:\users\ash68\source\repos\dsa\15-sorting techniques-merge,count,binorbucket,redix sort\x64\debug\sorting.obj
c:\users\ash68\source\repos\dsa\15-sorting techniques-merge,count,binorbucket,redix sort\x64\debug\main.obj
c:\users\ash68\source\repos\dsa\x64\debug\15-sorting techniques-merge,count,binorbucket,redix sort.exe
c:\users\ash68\source\repos\dsa\x64\debug\15-sorting techniques-merge,count,binorbucket,redix sort.pdb
c:\users\ash68\source\repos\dsa\15-sorting techniques-merge,count,binorbucket,redix sort\x64\debug\15-sorting techniques-merge,count,binorbucket,redix sort.ilk
c:\users\ash68\source\repos\development-dsa\15-sorting techniques-merge,count,binorbucket,redix sort\x64\debug\main.obj
c:\users\ash68\source\repos\development-dsa\15-sorting techniques-merge,count,binorbucket,redix sort\x64\debug\sorting.obj
c:\users\ash68\source\repos\development-dsa\15-sorting techniques-merge,count,binorbucket,redix sort\x64\debug\15-sorting techniques-merge,count,binorbucket,redix sort.ilk
c:\users\ash68\source\repos\development-dsa\15-sorting techniques-merge,count,binorbucket,redix sort\x64\debug\vc143.idb
c:\users\ash68\source\repos\development-dsa\15-sorting techniques-merge,count,binorbucket,redix sort\x64\debug\vc143.pdb
c:\users\ash68\source\repos\development-dsa\x64\debug\15-sorting techniques-merge,count,binorbucket,redix sort.pdb
c:\users\ash68\source\repos\development-dsa\x64\debug\15-sorting techniques-merge,count,binorbucket,redix sort.exe
c:\users\ash68\source\repos\development-dsa\15-sorting techniques-merge,count,binorbucket,redix sort\x64\debug\15-sorti.619b922e.tlog\cl.command.1.tlog
c:\users\ash68\source\repos\development-dsa\15-sorting techniques-merge,count,binorbucket,redix sort\x64\debug\15-sorti.619b922e.tlog\cl.items.tlog
c:\users\ash68\source\repos\development-dsa\15-sorting techniques-merge,count,binorbucket,redix sort\x64\debug\15-sorti.619b922e.tlog\cl.read.1.tlog
c:\users\ash68\source\repos\development-dsa\15-sorting techniques-merge,count,binorbucket,redix sort\x64\debug\15-sorti.619b922e.tlog\cl.write.1.tlog
c:\users\ash68\source\repos\development-dsa\15-sorting techniques-merge,count,binorbucket,redix sort\x64\debug\15-sorti.619b922e.tlog\link.command.1.tlog
c:\users\ash68\source\repos\development-dsa\15-sorting techniques-merge,count,binorbucket,redix sort\x64\debug\15-sorti.619b922e.tlog\link.read.1.tlog
c:\users\ash68\source\repos\development-dsa\15-sorting techniques-merge,count,binorbucket,redix sort\x64\debug\15-sorti.619b922e.tlog\link.secondary.1.tlog
c:\users\ash68\source\repos\development-dsa\15-sorting techniques-merge,count,binorbucket,redix sort\x64\debug\15-sorti.619b922e.tlog\link.write.1.tlog
