c:\users\ash68\source\repos\dsa\07-reversing_shiftrotate_mergingarray\x64\debug\vc143.pdb
c:\users\ash68\source\repos\dsa\07-reversing_shiftrotate_mergingarray\x64\debug\vc143.idb
c:\users\ash68\source\repos\dsa\07-reversing_shiftrotate_mergingarray\x64\debug\reverse.obj
c:\users\ash68\source\repos\dsa\07-reversing_shiftrotate_mergingarray\x64\debug\main.obj
c:\users\ash68\source\repos\dsa\07-reversing_shiftrotate_mergingarray\x64\debug\findingsinglemissingelementinarray.obj
c:\users\ash68\source\repos\dsa\07-reversing_shiftrotate_mergingarray\x64\debug\display.obj
c:\users\ash68\source\repos\dsa\x64\debug\07-reversing_shiftrotate_mergingarray.exe
c:\users\ash68\source\repos\dsa\x64\debug\07-reversing_shiftrotate_mergingarray.pdb
c:\users\ash68\source\repos\dsa\07-reversing_shiftrotate_mergingarray\x64\debug\07-reversing_shiftrotate_mergingarray.ilk
c:\users\ash68\source\repos\development-dsa\07-reversing_shiftrotate_mergingarray\x64\debug\display.obj
c:\users\ash68\source\repos\development-dsa\07-reversing_shiftrotate_mergingarray\x64\debug\findingsinglemissingelementinarray.obj
c:\users\ash68\source\repos\development-dsa\07-reversing_shiftrotate_mergingarray\x64\debug\main.obj
c:\users\ash68\source\repos\development-dsa\07-reversing_shiftrotate_mergingarray\x64\debug\reverse.obj
c:\users\ash68\source\repos\development-dsa\07-reversing_shiftrotate_mergingarray\x64\debug\07-reversing_shiftrotate_mergingarray.ilk
c:\users\ash68\source\repos\development-dsa\07-reversing_shiftrotate_mergingarray\x64\debug\vc143.idb
c:\users\ash68\source\repos\development-dsa\07-reversing_shiftrotate_mergingarray\x64\debug\vc143.pdb
c:\users\ash68\source\repos\development-dsa\x64\debug\07-reversing_shiftrotate_mergingarray.pdb
c:\users\ash68\source\repos\development-dsa\x64\debug\07-reversing_shiftrotate_mergingarray.exe
c:\users\ash68\source\repos\development-dsa\07-reversing_shiftrotate_mergingarray\x64\debug\07-rever.3f453d8d.tlog\cl.command.1.tlog
c:\users\ash68\source\repos\development-dsa\07-reversing_shiftrotate_mergingarray\x64\debug\07-rever.3f453d8d.tlog\cl.items.tlog
c:\users\ash68\source\repos\development-dsa\07-reversing_shiftrotate_mergingarray\x64\debug\07-rever.3f453d8d.tlog\cl.read.1.tlog
c:\users\ash68\source\repos\development-dsa\07-reversing_shiftrotate_mergingarray\x64\debug\07-rever.3f453d8d.tlog\cl.write.1.tlog
c:\users\ash68\source\repos\development-dsa\07-reversing_shiftrotate_mergingarray\x64\debug\07-rever.3f453d8d.tlog\link.command.1.tlog
c:\users\ash68\source\repos\development-dsa\07-reversing_shiftrotate_mergingarray\x64\debug\07-rever.3f453d8d.tlog\link.read.1.tlog
c:\users\ash68\source\repos\development-dsa\07-reversing_shiftrotate_mergingarray\x64\debug\07-rever.3f453d8d.tlog\link.secondary.1.tlog
c:\users\ash68\source\repos\development-dsa\07-reversing_shiftrotate_mergingarray\x64\debug\07-rever.3f453d8d.tlog\link.write.1.tlog
