c:\users\ash68\source\repos\dsa\13-heap sort\x64\debug\vc143.pdb
c:\users\ash68\source\repos\dsa\13-heap sort\x64\debug\vc143.idb
c:\users\ash68\source\repos\dsa\13-heap sort\x64\debug\main.obj
c:\users\ash68\source\repos\dsa\13-heap sort\x64\debug\heap.obj
c:\users\ash68\source\repos\dsa\x64\debug\13-heap sort.exe
c:\users\ash68\source\repos\dsa\x64\debug\13-heap sort.pdb
c:\users\ash68\source\repos\dsa\13-heap sort\x64\debug\13-heap sort.ilk
c:\users\ash68\source\repos\development-dsa\13-heap sort\x64\debug\heap.obj
c:\users\ash68\source\repos\development-dsa\13-heap sort\x64\debug\main.obj
c:\users\ash68\source\repos\development-dsa\13-heap sort\x64\debug\13-heap sort.ilk
c:\users\ash68\source\repos\development-dsa\13-heap sort\x64\debug\vc143.idb
c:\users\ash68\source\repos\development-dsa\13-heap sort\x64\debug\vc143.pdb
c:\users\ash68\source\repos\development-dsa\x64\debug\13-heap sort.pdb
c:\users\ash68\source\repos\development-dsa\x64\debug\13-heap sort.exe
c:\users\ash68\source\repos\development-dsa\13-heap sort\x64\debug\13-heap sort.tlog\cl.command.1.tlog
c:\users\ash68\source\repos\development-dsa\13-heap sort\x64\debug\13-heap sort.tlog\cl.items.tlog
c:\users\ash68\source\repos\development-dsa\13-heap sort\x64\debug\13-heap sort.tlog\cl.read.1.tlog
c:\users\ash68\source\repos\development-dsa\13-heap sort\x64\debug\13-heap sort.tlog\cl.write.1.tlog
c:\users\ash68\source\repos\development-dsa\13-heap sort\x64\debug\13-heap sort.tlog\link.command.1.tlog
c:\users\ash68\source\repos\development-dsa\13-heap sort\x64\debug\13-heap sort.tlog\link.read.1.tlog
c:\users\ash68\source\repos\development-dsa\13-heap sort\x64\debug\13-heap sort.tlog\link.secondary.1.tlog
c:\users\ash68\source\repos\development-dsa\13-heap sort\x64\debug\13-heap sort.tlog\link.write.1.tlog
