c:\users\ash68\source\repos\dsa\06-array_adt\x64\debug\vc143.pdb
c:\users\ash68\source\repos\dsa\06-array_adt\x64\debug\vc143.idb
c:\users\ash68\source\repos\dsa\06-array_adt\x64\debug\mian.obj
c:\users\ash68\source\repos\dsa\06-array_adt\x64\debug\linearsearch.obj
c:\users\ash68\source\repos\dsa\06-array_adt\x64\debug\display_insert_display.obj
c:\users\ash68\source\repos\dsa\06-array_adt\x64\debug\binarysearchalogandwithrecursion.obj
c:\users\ash68\source\repos\dsa\x64\debug\06-array_adt.exe
c:\users\ash68\source\repos\dsa\x64\debug\06-array_adt.pdb
c:\users\ash68\source\repos\dsa\06-array_adt\x64\debug\06-array_adt.ilk
c:\users\ash68\source\repos\development-dsa\06-array_adt\x64\debug\binarysearchalogandwithrecursion.obj
c:\users\ash68\source\repos\development-dsa\06-array_adt\x64\debug\display_insert_display.obj
c:\users\ash68\source\repos\development-dsa\06-array_adt\x64\debug\linearsearch.obj
c:\users\ash68\source\repos\development-dsa\06-array_adt\x64\debug\mian.obj
c:\users\ash68\source\repos\development-dsa\06-array_adt\x64\debug\06-array_adt.ilk
c:\users\ash68\source\repos\development-dsa\06-array_adt\x64\debug\vc143.idb
c:\users\ash68\source\repos\development-dsa\06-array_adt\x64\debug\vc143.pdb
c:\users\ash68\source\repos\development-dsa\x64\debug\06-array_adt.pdb
c:\users\ash68\source\repos\development-dsa\x64\debug\06-array_adt.exe
c:\users\ash68\source\repos\development-dsa\06-array_adt\x64\debug\06-array_adt.tlog\cl.command.1.tlog
c:\users\ash68\source\repos\development-dsa\06-array_adt\x64\debug\06-array_adt.tlog\cl.items.tlog
c:\users\ash68\source\repos\development-dsa\06-array_adt\x64\debug\06-array_adt.tlog\cl.read.1.tlog
c:\users\ash68\source\repos\development-dsa\06-array_adt\x64\debug\06-array_adt.tlog\cl.write.1.tlog
c:\users\ash68\source\repos\development-dsa\06-array_adt\x64\debug\06-array_adt.tlog\link.command.1.tlog
c:\users\ash68\source\repos\development-dsa\06-array_adt\x64\debug\06-array_adt.tlog\link.read.1.tlog
c:\users\ash68\source\repos\development-dsa\06-array_adt\x64\debug\06-array_adt.tlog\link.secondary.1.tlog
c:\users\ash68\source\repos\development-dsa\06-array_adt\x64\debug\06-array_adt.tlog\link.write.1.tlog
