c:\users\ash68\source\repos\dsa\14-sorting techniques-bubble,insertion,selection,partition,quick\x64\debug\vc143.pdb
c:\users\ash68\source\repos\dsa\14-sorting techniques-bubble,insertion,selection,partition,quick\x64\debug\vc143.idb
c:\users\ash68\source\repos\dsa\14-sorting techniques-bubble,insertion,selection,partition,quick\x64\debug\sorting.obj
c:\users\ash68\source\repos\dsa\14-sorting techniques-bubble,insertion,selection,partition,quick\x64\debug\main.obj
c:\users\ash68\source\repos\dsa\x64\debug\14-sorting techniques-bubble,insertion,selection,partition,quick.exe
c:\users\ash68\source\repos\dsa\x64\debug\14-sorting techniques-bubble,insertion,selection,partition,quick.pdb
c:\users\ash68\source\repos\dsa\14-sorting techniques-bubble,insertion,selection,partition,quick\x64\debug\14-sorting techniques-bubble,insertion,selection,partition,quick.ilk
c:\users\ash68\source\repos\development-dsa\14-sorting techniques-bubble,insertion,selection,partition,quick\x64\debug\main.obj
c:\users\ash68\source\repos\development-dsa\14-sorting techniques-bubble,insertion,selection,partition,quick\x64\debug\sorting.obj
c:\users\ash68\source\repos\development-dsa\14-sorting techniques-bubble,insertion,selection,partition,quick\x64\debug\14-sorting techniques-bubble,insertion,selection,partition,quick.ilk
c:\users\ash68\source\repos\development-dsa\14-sorting techniques-bubble,insertion,selection,partition,quick\x64\debug\vc143.idb
c:\users\ash68\source\repos\development-dsa\14-sorting techniques-bubble,insertion,selection,partition,quick\x64\debug\vc143.pdb
c:\users\ash68\source\repos\development-dsa\x64\debug\14-sorting techniques-bubble,insertion,selection,partition,quick.pdb
c:\users\ash68\source\repos\development-dsa\x64\debug\14-sorting techniques-bubble,insertion,selection,partition,quick.exe
c:\users\ash68\source\repos\development-dsa\14-sorting techniques-bubble,insertion,selection,partition,quick\x64\debug\14-sorti.70818ab6.tlog\cl.command.1.tlog
c:\users\ash68\source\repos\development-dsa\14-sorting techniques-bubble,insertion,selection,partition,quick\x64\debug\14-sorti.70818ab6.tlog\cl.items.tlog
c:\users\ash68\source\repos\development-dsa\14-sorting techniques-bubble,insertion,selection,partition,quick\x64\debug\14-sorti.70818ab6.tlog\cl.read.1.tlog
c:\users\ash68\source\repos\development-dsa\14-sorting techniques-bubble,insertion,selection,partition,quick\x64\debug\14-sorti.70818ab6.tlog\cl.write.1.tlog
c:\users\ash68\source\repos\development-dsa\14-sorting techniques-bubble,insertion,selection,partition,quick\x64\debug\14-sorti.70818ab6.tlog\link.command.1.tlog
c:\users\ash68\source\repos\development-dsa\14-sorting techniques-bubble,insertion,selection,partition,quick\x64\debug\14-sorti.70818ab6.tlog\link.read.1.tlog
c:\users\ash68\source\repos\development-dsa\14-sorting techniques-bubble,insertion,selection,partition,quick\x64\debug\14-sorti.70818ab6.tlog\link.secondary.1.tlog
c:\users\ash68\source\repos\development-dsa\14-sorting techniques-bubble,insertion,selection,partition,quick\x64\debug\14-sorti.70818ab6.tlog\link.write.1.tlog
