c:\users\ash68\source\repos\dsa\09-stacks\x64\debug\vc143.pdb
c:\users\ash68\source\repos\dsa\09-stacks\x64\debug\vc143.idb
c:\users\ash68\source\repos\dsa\09-stacks\x64\debug\stacks.obj
c:\users\ash68\source\repos\dsa\09-stacks\x64\debug\main.obj
c:\users\ash68\source\repos\dsa\x64\debug\09-stacks.exe
c:\users\ash68\source\repos\dsa\x64\debug\09-stacks.pdb
c:\users\ash68\source\repos\dsa\09-stacks\x64\debug\09-stacks.ilk
c:\users\ash68\source\repos\development-dsa\09-stacks\x64\debug\main.obj
c:\users\ash68\source\repos\development-dsa\09-stacks\x64\debug\stacks.obj
c:\users\ash68\source\repos\development-dsa\09-stacks\x64\debug\09-stacks.ilk
c:\users\ash68\source\repos\development-dsa\09-stacks\x64\debug\vc143.idb
c:\users\ash68\source\repos\development-dsa\09-stacks\x64\debug\vc143.pdb
c:\users\ash68\source\repos\development-dsa\x64\debug\09-stacks.pdb
c:\users\ash68\source\repos\development-dsa\x64\debug\09-stacks.exe
c:\users\ash68\source\repos\development-dsa\09-stacks\x64\debug\09-stacks.tlog\cl.command.1.tlog
c:\users\ash68\source\repos\development-dsa\09-stacks\x64\debug\09-stacks.tlog\cl.items.tlog
c:\users\ash68\source\repos\development-dsa\09-stacks\x64\debug\09-stacks.tlog\cl.read.1.tlog
c:\users\ash68\source\repos\development-dsa\09-stacks\x64\debug\09-stacks.tlog\cl.write.1.tlog
c:\users\ash68\source\repos\development-dsa\09-stacks\x64\debug\09-stacks.tlog\link.command.1.tlog
c:\users\ash68\source\repos\development-dsa\09-stacks\x64\debug\09-stacks.tlog\link.read.1.tlog
c:\users\ash68\source\repos\development-dsa\09-stacks\x64\debug\09-stacks.tlog\link.secondary.1.tlog
c:\users\ash68\source\repos\development-dsa\09-stacks\x64\debug\09-stacks.tlog\link.write.1.tlog
