c:\users\ash68\source\repos\dsa\05-recursion\x64\debug\vc143.pdb
c:\users\ash68\source\repos\dsa\05-recursion\x64\debug\vc143.idb
c:\users\ash68\source\repos\dsa\05-recursion\x64\debug\typesofrecursion.obj
c:\users\ash68\source\repos\dsa\05-recursion\x64\debug\sumofnaturalnumbersusingrecursion.obj
c:\users\ash68\source\repos\dsa\05-recursion\x64\debug\recursion.obj
c:\users\ash68\source\repos\dsa\05-recursion\x64\debug\main.obj
c:\users\ash68\source\repos\dsa\x64\debug\05-recursion.exe
c:\users\ash68\source\repos\dsa\x64\debug\05-recursion.pdb
c:\users\ash68\source\repos\dsa\05-recursion\x64\debug\05-recursion.ilk
c:\users\ash68\source\repos\development-dsa\05-recursion\x64\debug\main.obj
c:\users\ash68\source\repos\development-dsa\05-recursion\x64\debug\recursion.obj
c:\users\ash68\source\repos\development-dsa\05-recursion\x64\debug\sumofnaturalnumbersusingrecursion.obj
c:\users\ash68\source\repos\development-dsa\05-recursion\x64\debug\typesofrecursion.obj
c:\users\ash68\source\repos\development-dsa\05-recursion\x64\debug\05-recursion.ilk
c:\users\ash68\source\repos\development-dsa\05-recursion\x64\debug\vc143.idb
c:\users\ash68\source\repos\development-dsa\05-recursion\x64\debug\vc143.pdb
c:\users\ash68\source\repos\development-dsa\x64\debug\05-recursion.pdb
c:\users\ash68\source\repos\development-dsa\x64\debug\05-recursion.exe
c:\users\ash68\source\repos\development-dsa\05-recursion\x64\debug\05-recursion.tlog\cl.command.1.tlog
c:\users\ash68\source\repos\development-dsa\05-recursion\x64\debug\05-recursion.tlog\cl.items.tlog
c:\users\ash68\source\repos\development-dsa\05-recursion\x64\debug\05-recursion.tlog\cl.read.1.tlog
c:\users\ash68\source\repos\development-dsa\05-recursion\x64\debug\05-recursion.tlog\cl.write.1.tlog
c:\users\ash68\source\repos\development-dsa\05-recursion\x64\debug\05-recursion.tlog\link.command.1.tlog
c:\users\ash68\source\repos\development-dsa\05-recursion\x64\debug\05-recursion.tlog\link.read.1.tlog
c:\users\ash68\source\repos\development-dsa\05-recursion\x64\debug\05-recursion.tlog\link.secondary.1.tlog
c:\users\ash68\source\repos\development-dsa\05-recursion\x64\debug\05-recursion.tlog\link.write.1.tlog
