c:\users\ash68\source\repos\dsa\04-doubly_linkedlist\x64\debug\vc143.pdb
c:\users\ash68\source\repos\dsa\04-doubly_linkedlist\x64\debug\vc143.idb
c:\users\ash68\source\repos\dsa\04-doubly_linkedlist\x64\debug\main.obj
c:\users\ash68\source\repos\dsa\04-doubly_linkedlist\x64\debug\create_doubly_linkedlist.obj
c:\users\ash68\source\repos\dsa\x64\debug\04-doubly_linkedlist.exe
c:\users\ash68\source\repos\dsa\x64\debug\04-doubly_linkedlist.pdb
c:\users\ash68\source\repos\dsa\04-doubly_linkedlist\x64\debug\04-doubly_linkedlist.ilk
c:\users\ash68\source\repos\development-dsa\04-doubly_linkedlist\x64\debug\create_doubly_linkedlist.obj
c:\users\ash68\source\repos\development-dsa\04-doubly_linkedlist\x64\debug\main.obj
c:\users\ash68\source\repos\development-dsa\04-doubly_linkedlist\x64\debug\04-doubly_linkedlist.ilk
c:\users\ash68\source\repos\development-dsa\04-doubly_linkedlist\x64\debug\vc143.idb
c:\users\ash68\source\repos\development-dsa\04-doubly_linkedlist\x64\debug\vc143.pdb
c:\users\ash68\source\repos\development-dsa\x64\debug\04-doubly_linkedlist.pdb
c:\users\ash68\source\repos\development-dsa\x64\debug\04-doubly_linkedlist.exe
c:\users\ash68\source\repos\development-dsa\04-doubly_linkedlist\x64\debug\04-doubl.e5008749.tlog\cl.command.1.tlog
c:\users\ash68\source\repos\development-dsa\04-doubly_linkedlist\x64\debug\04-doubl.e5008749.tlog\cl.items.tlog
c:\users\ash68\source\repos\development-dsa\04-doubly_linkedlist\x64\debug\04-doubl.e5008749.tlog\cl.read.1.tlog
c:\users\ash68\source\repos\development-dsa\04-doubly_linkedlist\x64\debug\04-doubl.e5008749.tlog\cl.write.1.tlog
c:\users\ash68\source\repos\development-dsa\04-doubly_linkedlist\x64\debug\04-doubl.e5008749.tlog\link.command.1.tlog
c:\users\ash68\source\repos\development-dsa\04-doubly_linkedlist\x64\debug\04-doubl.e5008749.tlog\link.read.1.tlog
c:\users\ash68\source\repos\development-dsa\04-doubly_linkedlist\x64\debug\04-doubl.e5008749.tlog\link.secondary.1.tlog
c:\users\ash68\source\repos\development-dsa\04-doubly_linkedlist\x64\debug\04-doubl.e5008749.tlog\link.write.1.tlog
