c:\users\ash68\source\repos\dsa\08-strings\x64\debug\vc143.pdb
c:\users\ash68\source\repos\dsa\08-strings\x64\debug\vc143.idb
c:\users\ash68\source\repos\dsa\08-strings\x64\debug\string.obj
c:\users\ash68\source\repos\dsa\08-strings\x64\debug\main.obj
c:\users\ash68\source\repos\dsa\08-strings\x64\debug\findingduplicatesusingbitwiseopertion.obj
c:\users\ash68\source\repos\dsa\x64\debug\08-strings.exe
c:\users\ash68\source\repos\dsa\x64\debug\08-strings.pdb
c:\users\ash68\source\repos\dsa\08-strings\x64\debug\08-strings.ilk
c:\users\ash68\source\repos\development-dsa\08-strings\x64\debug\findingduplicatesusingbitwiseopertion.obj
c:\users\ash68\source\repos\development-dsa\08-strings\x64\debug\main.obj
c:\users\ash68\source\repos\development-dsa\08-strings\x64\debug\string.obj
c:\users\ash68\source\repos\development-dsa\08-strings\x64\debug\08-strings.ilk
c:\users\ash68\source\repos\development-dsa\08-strings\x64\debug\vc143.idb
c:\users\ash68\source\repos\development-dsa\08-strings\x64\debug\vc143.pdb
c:\users\ash68\source\repos\development-dsa\x64\debug\08-strings.pdb
c:\users\ash68\source\repos\development-dsa\x64\debug\08-strings.exe
c:\users\ash68\source\repos\development-dsa\08-strings\x64\debug\08-strings.tlog\cl.command.1.tlog
c:\users\ash68\source\repos\development-dsa\08-strings\x64\debug\08-strings.tlog\cl.items.tlog
c:\users\ash68\source\repos\development-dsa\08-strings\x64\debug\08-strings.tlog\cl.read.1.tlog
c:\users\ash68\source\repos\development-dsa\08-strings\x64\debug\08-strings.tlog\cl.write.1.tlog
c:\users\ash68\source\repos\development-dsa\08-strings\x64\debug\08-strings.tlog\link.command.1.tlog
c:\users\ash68\source\repos\development-dsa\08-strings\x64\debug\08-strings.tlog\link.read.1.tlog
c:\users\ash68\source\repos\development-dsa\08-strings\x64\debug\08-strings.tlog\link.secondary.1.tlog
c:\users\ash68\source\repos\development-dsa\08-strings\x64\debug\08-strings.tlog\link.write.1.tlog
