c:\users\ash68\source\repos\dsa\02-insert_deleteinsortedlist\x64\debug\vc143.pdb
c:\users\ash68\source\repos\dsa\02-insert_deleteinsortedlist\x64\debug\vc143.idb
c:\users\ash68\source\repos\dsa\02-insert_deleteinsortedlist\x64\debug\main.obj
c:\users\ash68\source\repos\dsa\02-insert_deleteinsortedlist\x64\debug\delete.obj
c:\users\ash68\source\repos\dsa\02-insert_deleteinsortedlist\x64\debug\create_display_insert.obj
c:\users\ash68\source\repos\dsa\x64\debug\02-insert_deleteinsortedlist.exe
c:\users\ash68\source\repos\dsa\x64\debug\02-insert_deleteinsortedlist.pdb
c:\users\ash68\source\repos\dsa\02-insert_deleteinsortedlist\x64\debug\02-insert_deleteinsortedlist.ilk
c:\users\ash68\source\repos\development-dsa\02-insert_deleteinsortedlist\x64\debug\create_display_insert.obj
c:\users\ash68\source\repos\development-dsa\02-insert_deleteinsortedlist\x64\debug\delete.obj
c:\users\ash68\source\repos\development-dsa\02-insert_deleteinsortedlist\x64\debug\main.obj
c:\users\ash68\source\repos\development-dsa\02-insert_deleteinsortedlist\x64\debug\02-insert_deleteinsortedlist.ilk
c:\users\ash68\source\repos\development-dsa\02-insert_deleteinsortedlist\x64\debug\vc143.idb
c:\users\ash68\source\repos\development-dsa\02-insert_deleteinsortedlist\x64\debug\vc143.pdb
c:\users\ash68\source\repos\development-dsa\x64\debug\02-insert_deleteinsortedlist.pdb
c:\users\ash68\source\repos\development-dsa\x64\debug\02-insert_deleteinsortedlist.exe
c:\users\ash68\source\repos\development-dsa\02-insert_deleteinsortedlist\x64\debug\02-inser.e45db2d5.tlog\cl.command.1.tlog
c:\users\ash68\source\repos\development-dsa\02-insert_deleteinsortedlist\x64\debug\02-inser.e45db2d5.tlog\cl.items.tlog
c:\users\ash68\source\repos\development-dsa\02-insert_deleteinsortedlist\x64\debug\02-inser.e45db2d5.tlog\cl.read.1.tlog
c:\users\ash68\source\repos\development-dsa\02-insert_deleteinsortedlist\x64\debug\02-inser.e45db2d5.tlog\cl.write.1.tlog
c:\users\ash68\source\repos\development-dsa\02-insert_deleteinsortedlist\x64\debug\02-inser.e45db2d5.tlog\link.command.1.tlog
c:\users\ash68\source\repos\development-dsa\02-insert_deleteinsortedlist\x64\debug\02-inser.e45db2d5.tlog\link.read.1.tlog
c:\users\ash68\source\repos\development-dsa\02-insert_deleteinsortedlist\x64\debug\02-inser.e45db2d5.tlog\link.secondary.1.tlog
c:\users\ash68\source\repos\development-dsa\02-insert_deleteinsortedlist\x64\debug\02-inser.e45db2d5.tlog\link.write.1.tlog
